18:58:28 WARN  zad_2.c:65: Didn't specify number of iterations, using default!
18:58:28 DEBUG zad_2.c:38: 0 1
18:58:28 DEBUG zad_2.c:38: 1 2
18:58:28 DEBUG zad_2.c:38: 2 -2
18:58:28 DEBUG zad_2.c:38: 3 4
18:58:28 INFO  zad_2.c:16: Starting clearing buffer!
18:58:28 INFO  zad_2.c:36: Clearing buffer complete!
18:58:28 DEBUG zad_2.c:38: 0 -1
18:58:28 DEBUG zad_2.c:38: 1 -2
18:58:28 DEBUG zad_2.c:38: 2 7
18:58:28 DEBUG zad_2.c:38: 3 8
18:58:28 INFO  zad_2.c:16: Starting clearing buffer!
18:58:28 INFO  zad_2.c:36: Clearing buffer complete!
18:58:28 DEBUG zad_2.c:38: 0 -2
18:58:28 DEBUG zad_2.c:38: 1 -1
18:58:28 DEBUG zad_2.c:38: 2 11
18:58:28 DEBUG zad_2.c:38: 3 -2
18:58:28 INFO  zad_2.c:16: Starting clearing buffer!
18:58:28 INFO  zad_2.c:36: Clearing buffer complete!
18:58:28 DEBUG zad_2.c:38: 0 13
18:58:28 DEBUG zad_2.c:38: 1 14
18:58:28 DEBUG zad_2.c:38: 2 -3
18:58:28 DEBUG zad_2.c:38: 3 16
18:58:28 INFO  zad_2.c:16: Starting clearing buffer!
18:58:28 INFO  zad_2.c:36: Clearing buffer complete!
18:58:28 DEBUG zad_2.c:38: 0 17
18:58:28 DEBUG zad_2.c:38: 1 -2
18:58:28 DEBUG zad_2.c:38: 2 19
18:58:28 DEBUG zad_2.c:38: 3 -1
18:58:28 INFO  zad_2.c:16: Starting clearing buffer!
18:58:28 INFO  zad_2.c:36: Clearing buffer complete!
18:58:28 DEBUG zad_2.c:38: 0 -2
18:58:28 DEBUG zad_2.c:38: 1 22
18:58:28 DEBUG zad_2.c:38: 2 23
18:58:28 DEBUG zad_2.c:38: 3 -2
18:58:28 INFO  zad_2.c:16: Starting clearing buffer!
18:58:28 INFO  zad_2.c:36: Clearing buffer complete!
18:58:28 DEBUG zad_2.c:38: 0 -1
18:58:28 DEBUG zad_2.c:38: 1 26
18:58:28 DEBUG zad_2.c:38: 2 -2
18:58:28 DEBUG zad_2.c:38: 3 28
18:58:28 INFO  zad_2.c:16: Starting clearing buffer!
18:58:28 INFO  zad_2.c:36: Clearing buffer complete!
18:58:28 DEBUG zad_2.c:38: 0 29
18:58:28 DEBUG zad_2.c:38: 1 -3
18:58:28 DEBUG zad_2.c:38: 2 31
18:58:28 DEBUG zad_2.c:38: 3 32
18:58:28 INFO  zad_2.c:16: Starting clearing buffer!
18:58:28 INFO  zad_2.c:36: Clearing buffer complete!
18:58:28 DEBUG zad_2.c:38: 0 -2
18:58:28 DEBUG zad_2.c:38: 1 34
18:58:28 DEBUG zad_2.c:38: 2 -1
18:58:28 DEBUG zad_2.c:38: 3 -2
18:58:28 INFO  zad_2.c:16: Starting clearing buffer!
18:58:28 INFO  zad_2.c:36: Clearing buffer complete!
18:58:28 DEBUG zad_2.c:38: 0 37
18:58:28 DEBUG zad_2.c:38: 1 38
18:58:28 DEBUG zad_2.c:38: 2 -2
18:58:28 DEBUG zad_2.c:38: 3 -1
18:58:28 INFO  zad_2.c:16: Starting clearing buffer!
18:58:28 INFO  zad_2.c:36: Clearing buffer complete!
18:58:28 DEBUG zad_2.c:38: 0 41
18:58:28 DEBUG zad_2.c:38: 1 -2
18:58:28 DEBUG zad_2.c:38: 2 43
18:58:28 DEBUG zad_2.c:38: 3 44
18:58:28 INFO  zad_2.c:16: Starting clearing buffer!
18:58:28 INFO  zad_2.c:36: Clearing buffer complete!
18:58:28 DEBUG zad_2.c:38: 0 -3
18:58:28 DEBUG zad_2.c:38: 1 46
18:58:28 DEBUG zad_2.c:38: 2 47
18:58:28 DEBUG zad_2.c:38: 3 -2
18:58:28 INFO  zad_2.c:16: Starting clearing buffer!
18:58:28 INFO  zad_2.c:36: Clearing buffer complete!
18:58:28 DEBUG zad_2.c:38: 0 49
18:58:28 DEBUG zad_2.c:38: 1 -1
18:58:28 DEBUG zad_2.c:38: 2 -2
18:58:28 DEBUG zad_2.c:38: 3 52
18:58:28 INFO  zad_2.c:16: Starting clearing buffer!
18:58:28 INFO  zad_2.c:36: Clearing buffer complete!
18:58:28 DEBUG zad_2.c:38: 0 53
18:58:28 DEBUG zad_2.c:38: 1 -2
18:58:28 DEBUG zad_2.c:38: 2 -1
18:58:28 DEBUG zad_2.c:38: 3 56
18:58:28 INFO  zad_2.c:16: Starting clearing buffer!
18:58:28 INFO  zad_2.c:36: Clearing buffer complete!
18:58:28 DEBUG zad_2.c:38: 0 -2
18:58:28 DEBUG zad_2.c:38: 1 58
18:58:28 DEBUG zad_2.c:38: 2 59
18:58:28 DEBUG zad_2.c:38: 3 -3
18:58:28 INFO  zad_2.c:16: Starting clearing buffer!
18:58:28 INFO  zad_2.c:36: Clearing buffer complete!
18:58:28 DEBUG zad_2.c:38: 0 61
18:58:28 DEBUG zad_2.c:38: 1 62
18:58:28 DEBUG zad_2.c:38: 2 -2
18:58:28 DEBUG zad_2.c:38: 3 64
18:58:28 INFO  zad_2.c:16: Starting clearing buffer!
18:58:28 INFO  zad_2.c:36: Clearing buffer complete!
18:58:28 DEBUG zad_2.c:38: 0 -1
18:58:28 DEBUG zad_2.c:38: 1 -2
18:58:28 DEBUG zad_2.c:38: 2 67
18:58:28 DEBUG zad_2.c:38: 3 68
18:58:28 INFO  zad_2.c:16: Starting clearing buffer!
18:58:28 INFO  zad_2.c:36: Clearing buffer complete!
18:58:28 DEBUG zad_2.c:38: 0 -2
18:58:28 DEBUG zad_2.c:38: 1 -1
18:58:28 DEBUG zad_2.c:38: 2 71
18:58:28 DEBUG zad_2.c:38: 3 -2
18:58:28 INFO  zad_2.c:16: Starting clearing buffer!
18:58:28 INFO  zad_2.c:36: Clearing buffer complete!
18:58:28 DEBUG zad_2.c:38: 0 73
18:58:28 DEBUG zad_2.c:38: 1 74
18:58:28 DEBUG zad_2.c:38: 2 -3
18:58:28 DEBUG zad_2.c:38: 3 76
18:58:28 INFO  zad_2.c:16: Starting clearing buffer!
18:58:28 INFO  zad_2.c:36: Clearing buffer complete!
18:58:28 DEBUG zad_2.c:38: 0 77
18:58:28 DEBUG zad_2.c:38: 1 -2
18:58:28 DEBUG zad_2.c:38: 2 79
18:58:28 DEBUG zad_2.c:38: 3 -1
18:58:28 INFO  zad_2.c:16: Starting clearing buffer!
18:58:28 INFO  zad_2.c:36: Clearing buffer complete!
18:58:28 DEBUG zad_2.c:38: 0 -2
18:58:28 DEBUG zad_2.c:38: 1 82
18:58:28 DEBUG zad_2.c:38: 2 83
18:58:28 DEBUG zad_2.c:38: 3 -2
18:58:28 INFO  zad_2.c:16: Starting clearing buffer!
18:58:28 INFO  zad_2.c:36: Clearing buffer complete!
18:58:28 DEBUG zad_2.c:38: 0 -1
18:58:28 DEBUG zad_2.c:38: 1 86
18:58:28 DEBUG zad_2.c:38: 2 -2
18:58:28 DEBUG zad_2.c:38: 3 88
18:58:28 INFO  zad_2.c:16: Starting clearing buffer!
18:58:28 INFO  zad_2.c:36: Clearing buffer complete!
18:58:28 DEBUG zad_2.c:38: 0 89
18:58:28 DEBUG zad_2.c:38: 1 -3
18:58:28 DEBUG zad_2.c:38: 2 91
18:58:28 DEBUG zad_2.c:38: 3 92
18:58:28 INFO  zad_2.c:16: Starting clearing buffer!
18:58:28 INFO  zad_2.c:36: Clearing buffer complete!
18:58:28 DEBUG zad_2.c:38: 0 -2
18:58:28 DEBUG zad_2.c:38: 1 94
18:58:28 DEBUG zad_2.c:38: 2 -1
18:58:28 DEBUG zad_2.c:38: 3 -2
18:58:28 INFO  zad_2.c:16: Starting clearing buffer!
18:58:28 INFO  zad_2.c:36: Clearing buffer complete!
18:58:28 DEBUG zad_2.c:38: 0 97
18:58:28 DEBUG zad_2.c:38: 1 98
18:58:28 DEBUG zad_2.c:38: 2 -2
18:58:28 DEBUG zad_2.c:38: 3 -1
18:58:28 INFO  zad_2.c:16: Starting clearing buffer!
18:58:28 INFO  zad_2.c:80: Came to an end. Leaving...
