17:45:24 INFO  zad_1.c:513: # - digit
17:45:24 INFO  zad_1.c:514: U - upper case
17:45:24 INFO  zad_1.c:515: l - lower case
17:45:24 INFO  zad_1.c:516: * - any symbol(s)
17:45:24 INFO  zad_1.c:517: ... - and so on
17:45:24 INFO  zad_1.c:496: Szumia jodly na gor szczycie, is now being checked
17:45:24 INFO  zad_1.c:26: Cheking, if Szumia jodly na gor szczycie, has only numbers
17:45:24 WARN  zad_1.c:30: Szumia jodly na gor szczycie, has different length range <9,11>
17:45:24 INFO  zad_1.c:72: Cheking, if Szumia jodly na gor szczycie, has ###-##-##-### (NIP) pattern
17:45:24 WARN  zad_1.c:76: Szumia jodly na gor szczycie, has different length than 13
17:45:24 INFO  zad_1.c:123: Cheking, if Szumia jodly na gor szczycie, has ###-###-### or ### ### ### (phone) pattern
17:45:24 WARN  zad_1.c:127: Szumia jodly na gor szczycie, has different length than 11
17:45:24 INFO  zad_1.c:166: Cheking, if Szumia jodly na gor szczycie, has ##-###-##-## or ## ### ## ## (phone) pattern
17:45:24 WARN  zad_1.c:170: Szumia jodly na gor szczycie, has different length than 12
17:45:24 INFO  zad_1.c:215: Cheking, if Szumia jodly na gor szczycie, has Ulll... or  Ulll...-Ulll... pattern
17:45:24 DEBUG zad_1.c:230: S is upper case
17:45:24 DEBUG zad_1.c:235: z is lower case
17:45:24 DEBUG zad_1.c:235: u is lower case
17:45:24 DEBUG zad_1.c:235: m is lower case
17:45:24 DEBUG zad_1.c:235: i is lower case
17:45:24 DEBUG zad_1.c:235: a is lower case
17:45:24 WARN  zad_1.c:253:   fell out of pattern
17:45:24 INFO  zad_1.c:272: Cheking, if Szumia jodly na gor szczycie, has Ulll... Ulll... or Ulll... Ulll...-Ulll... pattern
17:45:24 DEBUG zad_1.c:287: S is upper case
17:45:24 DEBUG zad_1.c:292: z is lower case
17:45:24 DEBUG zad_1.c:292: u is lower case
17:45:24 DEBUG zad_1.c:292: m is lower case
17:45:24 DEBUG zad_1.c:292: i is lower case
17:45:24 DEBUG zad_1.c:292: a is lower case
17:45:24 DEBUG zad_1.c:297:   is space
17:45:24 DEBUG zad_1.c:302: j isn't upper case
17:45:24 INFO  zad_1.c:395: Cheking, if Szumia jodly na gor szczycie, has (ul.) Ulll... (###,###l,###/###) ##-### Ulll... pattern
17:45:24 DEBUG zad_1.c:417: Found street name
17:45:24 WARN  zad_1.c:480: j fell out of pattern
17:45:24 INFO  zad_1.c:350: Cheking, if Szumia jodly na gor szczycie, has *@*.* pattern
17:45:24 INFO  zad_1.c:525: Szumia jodly na gor szczycie, is safe to be passed
17:45:24 INFO  zad_1.c:496: Szumia sobie w dal! is now being checked
17:45:24 INFO  zad_1.c:26: Cheking, if Szumia sobie w dal! has only numbers
17:45:24 WARN  zad_1.c:30: Szumia sobie w dal! has different length range <9,11>
17:45:24 INFO  zad_1.c:72: Cheking, if Szumia sobie w dal! has ###-##-##-### (NIP) pattern
17:45:24 WARN  zad_1.c:76: Szumia sobie w dal! has different length than 13
17:45:24 INFO  zad_1.c:123: Cheking, if Szumia sobie w dal! has ###-###-### or ### ### ### (phone) pattern
17:45:24 WARN  zad_1.c:127: Szumia sobie w dal! has different length than 11
17:45:24 INFO  zad_1.c:166: Cheking, if Szumia sobie w dal! has ##-###-##-## or ## ### ## ## (phone) pattern
17:45:24 WARN  zad_1.c:170: Szumia sobie w dal! has different length than 12
17:45:24 INFO  zad_1.c:215: Cheking, if Szumia sobie w dal! has Ulll... or  Ulll...-Ulll... pattern
17:45:24 DEBUG zad_1.c:230: S is upper case
17:45:24 DEBUG zad_1.c:235: z is lower case
17:45:24 DEBUG zad_1.c:235: u is lower case
17:45:24 DEBUG zad_1.c:235: m is lower case
17:45:24 DEBUG zad_1.c:235: i is lower case
17:45:24 DEBUG zad_1.c:235: a is lower case
17:45:24 WARN  zad_1.c:253:   fell out of pattern
17:45:24 INFO  zad_1.c:272: Cheking, if Szumia sobie w dal! has Ulll... Ulll... or Ulll... Ulll...-Ulll... pattern
17:45:24 DEBUG zad_1.c:287: S is upper case
17:45:24 DEBUG zad_1.c:292: z is lower case
17:45:24 DEBUG zad_1.c:292: u is lower case
17:45:24 DEBUG zad_1.c:292: m is lower case
17:45:24 DEBUG zad_1.c:292: i is lower case
17:45:24 DEBUG zad_1.c:292: a is lower case
17:45:24 DEBUG zad_1.c:297:   is space
17:45:24 DEBUG zad_1.c:302: s isn't upper case
17:45:24 INFO  zad_1.c:395: Cheking, if Szumia sobie w dal! has (ul.) Ulll... (###,###l,###/###) ##-### Ulll... pattern
17:45:24 DEBUG zad_1.c:417: Found street name
17:45:24 WARN  zad_1.c:480: s fell out of pattern
17:45:24 INFO  zad_1.c:350: Cheking, if Szumia sobie w dal! has *@*.* pattern
17:45:24 INFO  zad_1.c:525: Szumia sobie w dal! is safe to be passed
17:45:24 INFO  zad_1.c:496: I mlodemu smutne zycie, is now being checked
17:45:24 INFO  zad_1.c:26: Cheking, if I mlodemu smutne zycie, has only numbers
17:45:24 WARN  zad_1.c:30: I mlodemu smutne zycie, has different length range <9,11>
17:45:24 INFO  zad_1.c:72: Cheking, if I mlodemu smutne zycie, has ###-##-##-### (NIP) pattern
17:45:24 WARN  zad_1.c:76: I mlodemu smutne zycie, has different length than 13
17:45:24 INFO  zad_1.c:123: Cheking, if I mlodemu smutne zycie, has ###-###-### or ### ### ### (phone) pattern
17:45:24 WARN  zad_1.c:127: I mlodemu smutne zycie, has different length than 11
17:45:24 INFO  zad_1.c:166: Cheking, if I mlodemu smutne zycie, has ##-###-##-## or ## ### ## ## (phone) pattern
17:45:24 WARN  zad_1.c:170: I mlodemu smutne zycie, has different length than 12
17:45:24 INFO  zad_1.c:215: Cheking, if I mlodemu smutne zycie, has Ulll... or  Ulll...-Ulll... pattern
17:45:24 DEBUG zad_1.c:230: I is upper case
17:45:24 WARN  zad_1.c:253:   fell out of pattern
17:45:24 INFO  zad_1.c:272: Cheking, if I mlodemu smutne zycie, has Ulll... Ulll... or Ulll... Ulll...-Ulll... pattern
17:45:24 DEBUG zad_1.c:287: I is upper case
17:45:24 DEBUG zad_1.c:297:   is space
17:45:24 DEBUG zad_1.c:302: m isn't upper case
17:45:24 INFO  zad_1.c:395: Cheking, if I mlodemu smutne zycie, has (ul.) Ulll... (###,###l,###/###) ##-### Ulll... pattern
17:45:24 DEBUG zad_1.c:417: Found street name
17:45:24 WARN  zad_1.c:480: m fell out of pattern
17:45:24 INFO  zad_1.c:350: Cheking, if I mlodemu smutne zycie, has *@*.* pattern
17:45:24 INFO  zad_1.c:525: I mlodemu smutne zycie, is safe to be passed
17:45:24 INFO  zad_1.c:496: Gdy ma w sercu zal... is now being checked
17:45:24 INFO  zad_1.c:26: Cheking, if Gdy ma w sercu zal... has only numbers
17:45:24 WARN  zad_1.c:30: Gdy ma w sercu zal... has different length range <9,11>
17:45:24 INFO  zad_1.c:72: Cheking, if Gdy ma w sercu zal... has ###-##-##-### (NIP) pattern
17:45:24 WARN  zad_1.c:76: Gdy ma w sercu zal... has different length than 13
17:45:24 INFO  zad_1.c:123: Cheking, if Gdy ma w sercu zal... has ###-###-### or ### ### ### (phone) pattern
17:45:24 WARN  zad_1.c:127: Gdy ma w sercu zal... has different length than 11
17:45:24 INFO  zad_1.c:166: Cheking, if Gdy ma w sercu zal... has ##-###-##-## or ## ### ## ## (phone) pattern
17:45:24 WARN  zad_1.c:170: Gdy ma w sercu zal... has different length than 12
17:45:24 INFO  zad_1.c:215: Cheking, if Gdy ma w sercu zal... has Ulll... or  Ulll...-Ulll... pattern
17:45:24 DEBUG zad_1.c:230: G is upper case
17:45:24 DEBUG zad_1.c:235: d is lower case
17:45:24 DEBUG zad_1.c:235: y is lower case
17:45:24 WARN  zad_1.c:253:   fell out of pattern
17:45:24 INFO  zad_1.c:272: Cheking, if Gdy ma w sercu zal... has Ulll... Ulll... or Ulll... Ulll...-Ulll... pattern
17:45:24 DEBUG zad_1.c:287: G is upper case
17:45:24 DEBUG zad_1.c:292: d is lower case
17:45:24 DEBUG zad_1.c:292: y is lower case
17:45:24 DEBUG zad_1.c:297:   is space
17:45:24 DEBUG zad_1.c:302: m isn't upper case
17:45:24 INFO  zad_1.c:395: Cheking, if Gdy ma w sercu zal... has (ul.) Ulll... (###,###l,###/###) ##-### Ulll... pattern
17:45:24 DEBUG zad_1.c:417: Found street name
17:45:24 WARN  zad_1.c:480: m fell out of pattern
17:45:24 INFO  zad_1.c:350: Cheking, if Gdy ma w sercu zal... has *@*.* pattern
17:45:24 INFO  zad_1.c:525: Gdy ma w sercu zal... is safe to be passed
17:45:24 INFO  zad_1.c:496: 123456789 is now being checked
17:45:24 INFO  zad_1.c:26: Cheking, if 123456789 has only numbers
17:45:24 DEBUG zad_1.c:43: 1 is a digit
17:45:24 DEBUG zad_1.c:43: 2 is a digit
17:45:24 DEBUG zad_1.c:43: 3 is a digit
17:45:24 DEBUG zad_1.c:43: 4 is a digit
17:45:24 DEBUG zad_1.c:43: 5 is a digit
17:45:24 DEBUG zad_1.c:43: 6 is a digit
17:45:24 DEBUG zad_1.c:43: 7 is a digit
17:45:24 DEBUG zad_1.c:43: 8 is a digit
17:45:24 DEBUG zad_1.c:43: 9 is a digit
17:45:24 INFO  zad_1.c:50: 123456789 is a phone number
17:45:24 INFO  zad_1.c:496: 1234567890 is now being checked
17:45:24 INFO  zad_1.c:26: Cheking, if 1234567890 has only numbers
17:45:24 DEBUG zad_1.c:43: 1 is a digit
17:45:24 DEBUG zad_1.c:43: 2 is a digit
17:45:24 DEBUG zad_1.c:43: 3 is a digit
17:45:24 DEBUG zad_1.c:43: 4 is a digit
17:45:24 DEBUG zad_1.c:43: 5 is a digit
17:45:24 DEBUG zad_1.c:43: 6 is a digit
17:45:24 DEBUG zad_1.c:43: 7 is a digit
17:45:24 DEBUG zad_1.c:43: 8 is a digit
17:45:24 DEBUG zad_1.c:43: 9 is a digit
17:45:24 DEBUG zad_1.c:43: 0 is a digit
17:45:24 INFO  zad_1.c:54: 1234567890 is a NIP number
17:45:24 INFO  zad_1.c:496: 12345678900 is now being checked
17:45:24 INFO  zad_1.c:26: Cheking, if 12345678900 has only numbers
17:45:24 DEBUG zad_1.c:43: 1 is a digit
17:45:24 DEBUG zad_1.c:43: 2 is a digit
17:45:24 DEBUG zad_1.c:43: 3 is a digit
17:45:24 DEBUG zad_1.c:43: 4 is a digit
17:45:24 DEBUG zad_1.c:43: 5 is a digit
17:45:24 DEBUG zad_1.c:43: 6 is a digit
17:45:24 DEBUG zad_1.c:43: 7 is a digit
17:45:24 DEBUG zad_1.c:43: 8 is a digit
17:45:24 DEBUG zad_1.c:43: 9 is a digit
17:45:24 DEBUG zad_1.c:43: 0 is a digit
17:45:24 DEBUG zad_1.c:43: 0 is a digit
17:45:24 INFO  zad_1.c:58: 12345678900 is a PESEL number
17:45:24 INFO  zad_1.c:496: 123-234-556 is now being checked
17:45:24 INFO  zad_1.c:26: Cheking, if 123-234-556 has only numbers
17:45:24 DEBUG zad_1.c:43: 1 is a digit
17:45:24 DEBUG zad_1.c:43: 2 is a digit
17:45:24 DEBUG zad_1.c:43: 3 is a digit
17:45:24 WARN  zad_1.c:37: - isn't a digit
17:45:24 INFO  zad_1.c:72: Cheking, if 123-234-556 has ###-##-##-### (NIP) pattern
17:45:24 WARN  zad_1.c:76: 123-234-556 has different length than 13
17:45:24 INFO  zad_1.c:123: Cheking, if 123-234-556 has ###-###-### or ### ### ### (phone) pattern
17:45:24 DEBUG zad_1.c:133: 1 is a digit
17:45:24 DEBUG zad_1.c:133: 2 is a digit
17:45:24 DEBUG zad_1.c:133: 3 is a digit
17:45:24 DEBUG zad_1.c:136: - is dash/space
17:45:24 DEBUG zad_1.c:139: 2 is a digit
17:45:24 DEBUG zad_1.c:139: 3 is a digit
17:45:24 DEBUG zad_1.c:139: 4 is a digit
17:45:24 DEBUG zad_1.c:142: - is dash/space
17:45:24 DEBUG zad_1.c:145: 5 is a digit
17:45:24 DEBUG zad_1.c:145: 5 is a digit
17:45:24 DEBUG zad_1.c:145: 6 is a digit
17:45:24 INFO  zad_1.c:153: 123-234-556 is a phone number
17:45:24 INFO  zad_1.c:496: 23-324-54-66 is now being checked
17:45:24 INFO  zad_1.c:26: Cheking, if 23-324-54-66 has only numbers
17:45:24 WARN  zad_1.c:30: 23-324-54-66 has different length range <9,11>
17:45:24 INFO  zad_1.c:72: Cheking, if 23-324-54-66 has ###-##-##-### (NIP) pattern
17:45:24 WARN  zad_1.c:76: 23-324-54-66 has different length than 13
17:45:24 INFO  zad_1.c:123: Cheking, if 23-324-54-66 has ###-###-### or ### ### ### (phone) pattern
17:45:24 WARN  zad_1.c:127: 23-324-54-66 has different length than 11
17:45:24 INFO  zad_1.c:166: Cheking, if 23-324-54-66 has ##-###-##-## or ## ### ## ## (phone) pattern
17:45:24 DEBUG zad_1.c:176: 2 is a digit
17:45:24 DEBUG zad_1.c:176: 3 is a digit
17:45:24 DEBUG zad_1.c:179: - is dash/space
17:45:24 DEBUG zad_1.c:182: 3 is a digit
17:45:24 DEBUG zad_1.c:182: 2 is a digit
17:45:24 DEBUG zad_1.c:182: 4 is a digit
17:45:24 DEBUG zad_1.c:185: - is dash/space
17:45:24 DEBUG zad_1.c:188: 5 is a digit
17:45:24 DEBUG zad_1.c:188: 4 is a digit
17:45:24 DEBUG zad_1.c:191: - is dash/space
17:45:24 DEBUG zad_1.c:194: 6 is a digit
17:45:24 DEBUG zad_1.c:194: 6 is a digit
17:45:24 INFO  zad_1.c:202: 23-324-54-66 is a phone number
17:45:24 INFO  zad_1.c:496: 234-32-43-567 is now being checked
17:45:24 INFO  zad_1.c:26: Cheking, if 234-32-43-567 has only numbers
17:45:24 WARN  zad_1.c:30: 234-32-43-567 has different length range <9,11>
17:45:24 INFO  zad_1.c:72: Cheking, if 234-32-43-567 has ###-##-##-### (NIP) pattern
17:45:24 DEBUG zad_1.c:82: 2 is a digit
17:45:24 DEBUG zad_1.c:82: 3 is a digit
17:45:24 DEBUG zad_1.c:82: 4 is a digit
17:45:24 DEBUG zad_1.c:85: - is dash
17:45:24 DEBUG zad_1.c:88: 3 is a digit
17:45:24 DEBUG zad_1.c:88: 2 is a digit
17:45:24 DEBUG zad_1.c:91: - is dash
17:45:24 DEBUG zad_1.c:94: 4 is a digit
17:45:24 DEBUG zad_1.c:94: 3 is a digit
17:45:24 DEBUG zad_1.c:97: - is dash
17:45:24 DEBUG zad_1.c:100: 5 is a digit
17:45:24 DEBUG zad_1.c:100: 6 is a digit
17:45:24 DEBUG zad_1.c:100: 7 is a digit
17:45:24 INFO  zad_1.c:107: 234-32-43-567 is a NIP number
17:45:24 INFO  zad_1.c:496: Janusz is now being checked
17:45:24 INFO  zad_1.c:26: Cheking, if Janusz has only numbers
17:45:24 WARN  zad_1.c:30: Janusz has different length range <9,11>
17:45:24 INFO  zad_1.c:72: Cheking, if Janusz has ###-##-##-### (NIP) pattern
17:45:24 WARN  zad_1.c:76: Janusz has different length than 13
17:45:24 INFO  zad_1.c:123: Cheking, if Janusz has ###-###-### or ### ### ### (phone) pattern
17:45:24 WARN  zad_1.c:127: Janusz has different length than 11
17:45:24 INFO  zad_1.c:166: Cheking, if Janusz has ##-###-##-## or ## ### ## ## (phone) pattern
17:45:24 WARN  zad_1.c:170: Janusz has different length than 12
17:45:24 INFO  zad_1.c:215: Cheking, if Janusz has Ulll... or  Ulll...-Ulll... pattern
17:45:24 DEBUG zad_1.c:230: J is upper case
17:45:24 DEBUG zad_1.c:235: a is lower case
17:45:24 DEBUG zad_1.c:235: n is lower case
17:45:24 DEBUG zad_1.c:235: u is lower case
17:45:24 DEBUG zad_1.c:235: s is lower case
17:45:24 DEBUG zad_1.c:235: z is lower case
17:45:24 INFO  zad_1.c:259: Janusz is name/surname
17:45:24 INFO  zad_1.c:496: Janusz Gajda is now being checked
17:45:24 INFO  zad_1.c:26: Cheking, if Janusz Gajda has only numbers
17:45:24 WARN  zad_1.c:30: Janusz Gajda has different length range <9,11>
17:45:24 INFO  zad_1.c:72: Cheking, if Janusz Gajda has ###-##-##-### (NIP) pattern
17:45:24 WARN  zad_1.c:76: Janusz Gajda has different length than 13
17:45:24 INFO  zad_1.c:123: Cheking, if Janusz Gajda has ###-###-### or ### ### ### (phone) pattern
17:45:24 WARN  zad_1.c:127: Janusz Gajda has different length than 11
17:45:24 INFO  zad_1.c:166: Cheking, if Janusz Gajda has ##-###-##-## or ## ### ## ## (phone) pattern
17:45:24 WARN  zad_1.c:196: J fell out of pattern
17:45:24 INFO  zad_1.c:215: Cheking, if Janusz Gajda has Ulll... or  Ulll...-Ulll... pattern
17:45:24 DEBUG zad_1.c:230: J is upper case
17:45:24 DEBUG zad_1.c:235: a is lower case
17:45:24 DEBUG zad_1.c:235: n is lower case
17:45:24 DEBUG zad_1.c:235: u is lower case
17:45:24 DEBUG zad_1.c:235: s is lower case
17:45:24 DEBUG zad_1.c:235: z is lower case
17:45:24 WARN  zad_1.c:253:   fell out of pattern
17:45:24 INFO  zad_1.c:272: Cheking, if Janusz Gajda has Ulll... Ulll... or Ulll... Ulll...-Ulll... pattern
17:45:24 DEBUG zad_1.c:287: J is upper case
17:45:24 DEBUG zad_1.c:292: a is lower case
17:45:24 DEBUG zad_1.c:292: n is lower case
17:45:24 DEBUG zad_1.c:292: u is lower case
17:45:24 DEBUG zad_1.c:292: s is lower case
17:45:24 DEBUG zad_1.c:292: z is lower case
17:45:24 DEBUG zad_1.c:297:   is space
17:45:24 DEBUG zad_1.c:309: G is upper case
17:45:24 DEBUG zad_1.c:314: a is lower case
17:45:24 DEBUG zad_1.c:314: j is lower case
17:45:24 DEBUG zad_1.c:314: d is lower case
17:45:24 DEBUG zad_1.c:314: a is lower case
17:45:24 INFO  zad_1.c:338: Janusz Gajda is name and sirname
17:45:24 INFO  zad_1.c:496: jakis_typo987@student.polsl.pl is now being checked
17:45:24 INFO  zad_1.c:26: Cheking, if jakis_typo987@student.polsl.pl has only numbers
17:45:24 WARN  zad_1.c:30: jakis_typo987@student.polsl.pl has different length range <9,11>
17:45:24 INFO  zad_1.c:72: Cheking, if jakis_typo987@student.polsl.pl has ###-##-##-### (NIP) pattern
17:45:24 WARN  zad_1.c:76: jakis_typo987@student.polsl.pl has different length than 13
17:45:24 INFO  zad_1.c:123: Cheking, if jakis_typo987@student.polsl.pl has ###-###-### or ### ### ### (phone) pattern
17:45:24 WARN  zad_1.c:127: jakis_typo987@student.polsl.pl has different length than 11
17:45:24 INFO  zad_1.c:166: Cheking, if jakis_typo987@student.polsl.pl has ##-###-##-## or ## ### ## ## (phone) pattern
17:45:24 WARN  zad_1.c:170: jakis_typo987@student.polsl.pl has different length than 12
17:45:24 INFO  zad_1.c:215: Cheking, if jakis_typo987@student.polsl.pl has Ulll... or  Ulll...-Ulll... pattern
17:45:24 DEBUG zad_1.c:223: j isn't upper case
17:45:24 INFO  zad_1.c:272: Cheking, if jakis_typo987@student.polsl.pl has Ulll... Ulll... or Ulll... Ulll...-Ulll... pattern
17:45:24 DEBUG zad_1.c:280: j isn't upper case
17:45:24 INFO  zad_1.c:395: Cheking, if jakis_typo987@student.polsl.pl has (ul.) Ulll... (###,###l,###/###) ##-### Ulll... pattern
17:45:24 WARN  zad_1.c:480: j fell out of pattern
17:45:24 INFO  zad_1.c:350: Cheking, if jakis_typo987@student.polsl.pl has *@*.* pattern
17:45:24 DEBUG zad_1.c:362: Found @ at position 14
17:45:24 DEBUG zad_1.c:368: s is valid domain character
17:45:24 DEBUG zad_1.c:368: t is valid domain character
17:45:24 DEBUG zad_1.c:368: u is valid domain character
17:45:24 DEBUG zad_1.c:368: d is valid domain character
17:45:24 DEBUG zad_1.c:368: e is valid domain character
17:45:24 DEBUG zad_1.c:368: n is valid domain character
17:45:24 DEBUG zad_1.c:368: t is valid domain character
17:45:24 DEBUG zad_1.c:368: . is valid domain character
17:45:24 DEBUG zad_1.c:368: p is valid domain character
17:45:24 DEBUG zad_1.c:368: o is valid domain character
17:45:24 DEBUG zad_1.c:368: l is valid domain character
17:45:24 DEBUG zad_1.c:368: s is valid domain character
17:45:24 DEBUG zad_1.c:368: l is valid domain character
17:45:24 DEBUG zad_1.c:368: . is valid domain character
17:45:24 DEBUG zad_1.c:368: p is valid domain character
17:45:24 DEBUG zad_1.c:368: l is valid domain character
17:45:24 INFO  zad_1.c:381: jakis_typo987@student.polsl.pl is mail address
17:45:24 INFO  zad_1.c:496: Akademicka 2 00-000 Gliwice is now being checked
17:45:24 INFO  zad_1.c:26: Cheking, if Akademicka 2 00-000 Gliwice has only numbers
17:45:24 WARN  zad_1.c:30: Akademicka 2 00-000 Gliwice has different length range <9,11>
17:45:24 INFO  zad_1.c:72: Cheking, if Akademicka 2 00-000 Gliwice has ###-##-##-### (NIP) pattern
17:45:24 WARN  zad_1.c:76: Akademicka 2 00-000 Gliwice has different length than 13
17:45:24 INFO  zad_1.c:123: Cheking, if Akademicka 2 00-000 Gliwice has ###-###-### or ### ### ### (phone) pattern
17:45:24 WARN  zad_1.c:127: Akademicka 2 00-000 Gliwice has different length than 11
17:45:24 INFO  zad_1.c:166: Cheking, if Akademicka 2 00-000 Gliwice has ##-###-##-## or ## ### ## ## (phone) pattern
17:45:24 WARN  zad_1.c:170: Akademicka 2 00-000 Gliwice has different length than 12
17:45:24 INFO  zad_1.c:215: Cheking, if Akademicka 2 00-000 Gliwice has Ulll... or  Ulll...-Ulll... pattern
17:45:24 DEBUG zad_1.c:230: A is upper case
17:45:24 DEBUG zad_1.c:235: k is lower case
17:45:24 DEBUG zad_1.c:235: a is lower case
17:45:24 DEBUG zad_1.c:235: d is lower case
17:45:24 DEBUG zad_1.c:235: e is lower case
17:45:24 DEBUG zad_1.c:235: m is lower case
17:45:24 DEBUG zad_1.c:235: i is lower case
17:45:24 DEBUG zad_1.c:235: c is lower case
17:45:24 DEBUG zad_1.c:235: k is lower case
17:45:24 DEBUG zad_1.c:235: a is lower case
17:45:24 WARN  zad_1.c:253:   fell out of pattern
17:45:24 INFO  zad_1.c:272: Cheking, if Akademicka 2 00-000 Gliwice has Ulll... Ulll... or Ulll... Ulll...-Ulll... pattern
17:45:24 DEBUG zad_1.c:287: A is upper case
17:45:24 DEBUG zad_1.c:292: k is lower case
17:45:24 DEBUG zad_1.c:292: a is lower case
17:45:24 DEBUG zad_1.c:292: d is lower case
17:45:24 DEBUG zad_1.c:292: e is lower case
17:45:24 DEBUG zad_1.c:292: m is lower case
17:45:24 DEBUG zad_1.c:292: i is lower case
17:45:24 DEBUG zad_1.c:292: c is lower case
17:45:24 DEBUG zad_1.c:292: k is lower case
17:45:24 DEBUG zad_1.c:292: a is lower case
17:45:24 DEBUG zad_1.c:297:   is space
17:45:24 DEBUG zad_1.c:302: 2 isn't upper case
17:45:24 INFO  zad_1.c:395: Cheking, if Akademicka 2 00-000 Gliwice has (ul.) Ulll... (###,###l,###/###) ##-### Ulll... pattern
17:45:24 DEBUG zad_1.c:417: Found street name
17:45:24 DEBUG zad_1.c:440: Found property number
17:45:24 DEBUG zad_1.c:461: Found postal code
17:45:24 DEBUG zad_1.c:486: Found city
17:45:24 INFO  zad_1.c:487: Akademicka 2 00-000 Gliwice is an address
17:45:24 INFO  zad_1.c:496: Z innych ludzi do nikogo, is now being checked
17:45:24 INFO  zad_1.c:26: Cheking, if Z innych ludzi do nikogo, has only numbers
17:45:24 WARN  zad_1.c:30: Z innych ludzi do nikogo, has different length range <9,11>
17:45:24 INFO  zad_1.c:72: Cheking, if Z innych ludzi do nikogo, has ###-##-##-### (NIP) pattern
17:45:24 WARN  zad_1.c:76: Z innych ludzi do nikogo, has different length than 13
17:45:24 INFO  zad_1.c:123: Cheking, if Z innych ludzi do nikogo, has ###-###-### or ### ### ### (phone) pattern
17:45:24 WARN  zad_1.c:127: Z innych ludzi do nikogo, has different length than 11
17:45:24 INFO  zad_1.c:166: Cheking, if Z innych ludzi do nikogo, has ##-###-##-## or ## ### ## ## (phone) pattern
17:45:24 WARN  zad_1.c:170: Z innych ludzi do nikogo, has different length than 12
17:45:24 INFO  zad_1.c:215: Cheking, if Z innych ludzi do nikogo, has Ulll... or  Ulll...-Ulll... pattern
17:45:24 DEBUG zad_1.c:230: Z is upper case
17:45:24 WARN  zad_1.c:253:   fell out of pattern
17:45:24 INFO  zad_1.c:272: Cheking, if Z innych ludzi do nikogo, has Ulll... Ulll... or Ulll... Ulll...-Ulll... pattern
17:45:24 DEBUG zad_1.c:287: Z is upper case
17:45:24 DEBUG zad_1.c:297:   is space
17:45:24 DEBUG zad_1.c:302: i isn't upper case
17:45:24 INFO  zad_1.c:395: Cheking, if Z innych ludzi do nikogo, has (ul.) Ulll... (###,###l,###/###) ##-### Ulll... pattern
17:45:24 DEBUG zad_1.c:417: Found street name
17:45:24 WARN  zad_1.c:480: i fell out of pattern
17:45:24 INFO  zad_1.c:350: Cheking, if Z innych ludzi do nikogo, has *@*.* pattern
17:45:24 INFO  zad_1.c:525: Z innych ludzi do nikogo, is safe to be passed
17:45:24 INFO  zad_1.c:496: Jeno do ciebie, niebogo! is now being checked
17:45:24 INFO  zad_1.c:26: Cheking, if Jeno do ciebie, niebogo! has only numbers
17:45:24 WARN  zad_1.c:30: Jeno do ciebie, niebogo! has different length range <9,11>
17:45:24 INFO  zad_1.c:72: Cheking, if Jeno do ciebie, niebogo! has ###-##-##-### (NIP) pattern
17:45:24 WARN  zad_1.c:76: Jeno do ciebie, niebogo! has different length than 13
17:45:24 INFO  zad_1.c:123: Cheking, if Jeno do ciebie, niebogo! has ###-###-### or ### ### ### (phone) pattern
17:45:24 WARN  zad_1.c:127: Jeno do ciebie, niebogo! has different length than 11
17:45:24 INFO  zad_1.c:166: Cheking, if Jeno do ciebie, niebogo! has ##-###-##-## or ## ### ## ## (phone) pattern
17:45:24 WARN  zad_1.c:170: Jeno do ciebie, niebogo! has different length than 12
17:45:24 INFO  zad_1.c:215: Cheking, if Jeno do ciebie, niebogo! has Ulll... or  Ulll...-Ulll... pattern
17:45:24 DEBUG zad_1.c:230: J is upper case
17:45:24 DEBUG zad_1.c:235: e is lower case
17:45:24 DEBUG zad_1.c:235: n is lower case
17:45:24 DEBUG zad_1.c:235: o is lower case
17:45:24 WARN  zad_1.c:253:   fell out of pattern
17:45:24 INFO  zad_1.c:272: Cheking, if Jeno do ciebie, niebogo! has Ulll... Ulll... or Ulll... Ulll...-Ulll... pattern
17:45:24 DEBUG zad_1.c:287: J is upper case
17:45:24 DEBUG zad_1.c:292: e is lower case
17:45:24 DEBUG zad_1.c:292: n is lower case
17:45:24 DEBUG zad_1.c:292: o is lower case
17:45:24 DEBUG zad_1.c:297:   is space
17:45:24 DEBUG zad_1.c:302: d isn't upper case
17:45:24 INFO  zad_1.c:395: Cheking, if Jeno do ciebie, niebogo! has (ul.) Ulll... (###,###l,###/###) ##-### Ulll... pattern
17:45:24 DEBUG zad_1.c:417: Found street name
17:45:24 WARN  zad_1.c:480: d fell out of pattern
17:45:24 INFO  zad_1.c:350: Cheking, if Jeno do ciebie, niebogo! has *@*.* pattern
17:45:24 INFO  zad_1.c:525: Jeno do ciebie, niebogo! is safe to be passed
17:45:24 INFO  zad_1.c:496: Oj, Halino, oj, jedyna is now being checked
17:45:24 INFO  zad_1.c:26: Cheking, if Oj, Halino, oj, jedyna has only numbers
17:45:24 WARN  zad_1.c:30: Oj, Halino, oj, jedyna has different length range <9,11>
17:45:24 INFO  zad_1.c:72: Cheking, if Oj, Halino, oj, jedyna has ###-##-##-### (NIP) pattern
17:45:24 WARN  zad_1.c:76: Oj, Halino, oj, jedyna has different length than 13
17:45:24 INFO  zad_1.c:123: Cheking, if Oj, Halino, oj, jedyna has ###-###-### or ### ### ### (phone) pattern
17:45:24 WARN  zad_1.c:127: Oj, Halino, oj, jedyna has different length than 11
17:45:24 INFO  zad_1.c:166: Cheking, if Oj, Halino, oj, jedyna has ##-###-##-## or ## ### ## ## (phone) pattern
17:45:24 WARN  zad_1.c:170: Oj, Halino, oj, jedyna has different length than 12
17:45:24 INFO  zad_1.c:215: Cheking, if Oj, Halino, oj, jedyna has Ulll... or  Ulll...-Ulll... pattern
17:45:24 DEBUG zad_1.c:230: O is upper case
17:45:24 DEBUG zad_1.c:235: j is lower case
17:45:24 WARN  zad_1.c:253: , fell out of pattern
17:45:24 INFO  zad_1.c:272: Cheking, if Oj, Halino, oj, jedyna has Ulll... Ulll... or Ulll... Ulll...-Ulll... pattern
17:45:24 DEBUG zad_1.c:287: O is upper case
17:45:24 DEBUG zad_1.c:292: j is lower case
17:45:24 WARN  zad_1.c:332: , fell out of pattern
17:45:24 INFO  zad_1.c:395: Cheking, if Oj, Halino, oj, jedyna has (ul.) Ulll... (###,###l,###/###) ##-### Ulll... pattern
17:45:24 WARN  zad_1.c:480: , fell out of pattern
17:45:24 INFO  zad_1.c:350: Cheking, if Oj, Halino, oj, jedyna has *@*.* pattern
17:45:24 INFO  zad_1.c:525: Oj, Halino, oj, jedyna is safe to be passed
17:45:24 INFO  zad_1.c:496: Dziewczyno moja! Dziewczyno moja! is now being checked
17:45:24 INFO  zad_1.c:26: Cheking, if Dziewczyno moja! Dziewczyno moja! has only numbers
17:45:24 WARN  zad_1.c:30: Dziewczyno moja! Dziewczyno moja! has different length range <9,11>
17:45:24 INFO  zad_1.c:72: Cheking, if Dziewczyno moja! Dziewczyno moja! has ###-##-##-### (NIP) pattern
17:45:24 WARN  zad_1.c:76: Dziewczyno moja! Dziewczyno moja! has different length than 13
17:45:24 INFO  zad_1.c:123: Cheking, if Dziewczyno moja! Dziewczyno moja! has ###-###-### or ### ### ### (phone) pattern
17:45:24 WARN  zad_1.c:127: Dziewczyno moja! Dziewczyno moja! has different length than 11
17:45:24 INFO  zad_1.c:166: Cheking, if Dziewczyno moja! Dziewczyno moja! has ##-###-##-## or ## ### ## ## (phone) pattern
17:45:24 WARN  zad_1.c:170: Dziewczyno moja! Dziewczyno moja! has different length than 12
17:45:24 INFO  zad_1.c:215: Cheking, if Dziewczyno moja! Dziewczyno moja! has Ulll... or  Ulll...-Ulll... pattern
17:45:24 DEBUG zad_1.c:230: D is upper case
17:45:24 DEBUG zad_1.c:235: z is lower case
17:45:24 DEBUG zad_1.c:235: i is lower case
17:45:24 DEBUG zad_1.c:235: e is lower case
17:45:24 DEBUG zad_1.c:235: w is lower case
17:45:24 DEBUG zad_1.c:235: c is lower case
17:45:24 DEBUG zad_1.c:235: z is lower case
17:45:24 DEBUG zad_1.c:235: y is lower case
17:45:24 DEBUG zad_1.c:235: n is lower case
17:45:24 DEBUG zad_1.c:235: o is lower case
17:45:24 WARN  zad_1.c:253:   fell out of pattern
17:45:24 INFO  zad_1.c:272: Cheking, if Dziewczyno moja! Dziewczyno moja! has Ulll... Ulll... or Ulll... Ulll...-Ulll... pattern
17:45:24 DEBUG zad_1.c:287: D is upper case
17:45:24 DEBUG zad_1.c:292: z is lower case
17:45:24 DEBUG zad_1.c:292: i is lower case
17:45:24 DEBUG zad_1.c:292: e is lower case
17:45:24 DEBUG zad_1.c:292: w is lower case
17:45:24 DEBUG zad_1.c:292: c is lower case
17:45:24 DEBUG zad_1.c:292: z is lower case
17:45:24 DEBUG zad_1.c:292: y is lower case
17:45:24 DEBUG zad_1.c:292: n is lower case
17:45:24 DEBUG zad_1.c:292: o is lower case
17:45:24 DEBUG zad_1.c:297:   is space
17:45:24 DEBUG zad_1.c:302: m isn't upper case
17:45:24 INFO  zad_1.c:395: Cheking, if Dziewczyno moja! Dziewczyno moja! has (ul.) Ulll... (###,###l,###/###) ##-### Ulll... pattern
17:45:24 DEBUG zad_1.c:417: Found street name
17:45:24 WARN  zad_1.c:480: m fell out of pattern
17:45:24 INFO  zad_1.c:350: Cheking, if Dziewczyno moja! Dziewczyno moja! has *@*.* pattern
17:45:24 INFO  zad_1.c:525: Dziewczyno moja! Dziewczyno moja! is safe to be passed
